2023-11-26 09:54:43.646 - INFO  [           main] o.s.b.StartupInfoLogger        : Starting SmartStarterApplication using Java 17.0.2 with PID 11692 (D:\java\smart-home\smart-starter\target\classes started by lizhonghao in D:\java\smart-home)
2023-11-26 09:54:43.665 - INFO  [           main] o.s.b.SpringApplication        : The following 2 profiles are active: "base-path", "prod"
2023-11-26 09:54:45.593 - INFO  [           main] epositoryConfigurationDelegate : Bootstrapping Spring Data JPA repositories in DEFAULT mode.
2023-11-26 09:54:45.640 - INFO  [           main] epositoryConfigurationDelegate : Finished Spring Data repository scanning in 23 ms. Found 0 JPA repository interfaces.
2023-11-26 09:54:46.075 - INFO  [           main] egate$BeanPostProcessorChecker : Bean 'org.springframework.aop.support.DefaultBeanFactoryPointcutAdvisor#0' of type [org.springframework.aop.support.DefaultBeanFactoryPointcutAdvisor] is not eligible for getting processed by all BeanPostProcessors (for example: not eligible for auto-proxying)
2023-11-26 09:54:46.756 - INFO  [           main] o.s.b.w.e.t.TomcatWebServer    : Tomcat initialized with port(s): 9091 (http)
2023-11-26 09:54:46.775 - INFO  [           main] o.a.j.l.DirectJDKLog           : Initializing ProtocolHandler ["http-nio-9091"]
2023-11-26 09:54:46.775 - INFO  [           main] o.a.j.l.DirectJDKLog           : Starting service [Tomcat]
2023-11-26 09:54:46.775 - INFO  [           main] o.a.j.l.DirectJDKLog           : Starting Servlet engine: [Apache Tomcat/10.1.15]
2023-11-26 09:54:47.064 - INFO  [           main] o.a.j.l.DirectJDKLog           : Initializing Spring embedded WebApplicationContext
2023-11-26 09:54:47.067 - INFO  [           main] letWebServerApplicationContext : Root WebApplicationContext: initialization completed in 3252 ms
2023-11-26 09:54:47.375 - INFO  [           main] o.f.c.i.l.s.Slf4jLog           : Flyway Community Edition 9.16.3 by Redgate
2023-11-26 09:54:47.375 - INFO  [           main] o.f.c.i.l.s.Slf4jLog           : See release notes here: https://rd.gt/416ObMi
2023-11-26 09:54:47.375 - INFO  [           main] o.f.c.i.l.s.Slf4jLog           : 
2023-11-26 09:54:47.400 - INFO  [           main] c.z.h.HikariDataSource         : HikariPool-1 - Starting...
2023-11-26 09:54:47.765 - INFO  [           main] c.z.h.p.HikariPool             : HikariPool-1 - Added connection com.mysql.cj.jdbc.ConnectionImpl@5bde6148
2023-11-26 09:54:47.765 - INFO  [           main] c.z.h.HikariDataSource         : HikariPool-1 - Start completed.
2023-11-26 09:54:47.827 - INFO  [           main] o.f.c.i.l.s.Slf4jLog           : Database: jdbc:mysql://192.168.31.248:3306/smart_home (MySQL 8.1)
2023-11-26 09:54:47.918 - WARN  [           main] o.f.c.i.l.s.Slf4jLog           : Flyway upgrade recommended: MySQL 8.1 is newer than this version of Flyway and support has not been tested. The latest supported version of MySQL is 8.0.
2023-11-26 09:54:48.041 - INFO  [           main] o.f.c.i.l.s.Slf4jLog           : Successfully validated 2 migrations (execution time 00:00.108s)
2023-11-26 09:54:48.133 - INFO  [           main] o.f.c.i.l.s.Slf4jLog           : Current version of schema `smart_home`: 2
2023-11-26 09:54:48.149 - INFO  [           main] o.f.c.i.l.s.Slf4jLog           : Schema `smart_home` is up to date. No migration necessary.
2023-11-26 09:54:48.665 - INFO  [           main] o.h.j.i.u.LogHelper            : HHH000204: Processing PersistenceUnitInfo [name: default]
2023-11-26 09:54:48.919 - INFO  [           main] o.h.Version                    : HHH000412: Hibernate ORM core version 6.2.13.Final
2023-11-26 09:54:48.926 - INFO  [           main] o.h.c.Environment              : HHH000406: Using bytecode reflection optimizer
2023-11-26 09:54:49.470 - INFO  [           main] .j.p.SpringPersistenceUnitInfo : No LoadTimeWeaver setup: ignoring JPA class transformer
2023-11-26 09:54:50.131 - INFO  [           main] e.t.j.p.i.JtaPlatformInitiator : HHH000489: No JTA platform available (set 'hibernate.transaction.jta.platform' to enable JTA platform integration)
2023-11-26 09:54:50.147 - INFO  [           main] stractEntityManagerFactoryBean : Initialized JPA EntityManagerFactory for persistence unit 'default'
2023-11-26 09:54:50.568 - WARN  [           main] c.b.m.c.m.TableInfoHelper      : This "id" is the table primary key by @TableId annotation in Class: "com.smart.rest.api.domain.ScheduleTask",So @TableField annotation will not work!
2023-11-26 09:54:50.608 - WARN  [           main] c.b.m.c.m.TableInfoHelper      : This "taskId" is the table primary key by @TableId annotation in Class: "com.smart.core.domain.Lock",So @TableField annotation will not work!
2023-11-26 09:54:51.297 - WARN  [           main] figuration$JpaWebConfiguration : spring.jpa.open-in-view is enabled by default. Therefore, database queries may be performed during view rendering. Explicitly configure spring.jpa.open-in-view to disable this warning
2023-11-26 09:54:52.131 - WARN  [           main] tTemplateResolverConfiguration : Cannot find template location: classpath:/templates/ (please add some templates, check your Thymeleaf configuration, or set spring.thymeleaf.check-template-location=false)
2023-11-26 09:54:52.992 - INFO  [           main] o.a.j.l.DirectJDKLog           : Starting ProtocolHandler ["http-nio-9091"]
2023-11-26 09:54:53.026 - INFO  [           main] o.s.b.w.e.t.TomcatWebServer    : Tomcat started on port(s): 9091 (http) with context path ''
2023-11-26 09:54:53.053 - INFO  [           main] o.s.b.StartupInfoLogger        : Started SmartStarterApplication in 10.315 seconds (process running for 20.743)
2023-11-26 09:56:58.947 - INFO  [nio-9091-exec-2] o.a.j.l.DirectJDKLog           : Initializing Spring DispatcherServlet 'dispatcherServlet'
2023-11-26 09:56:58.948 - INFO  [nio-9091-exec-2] o.s.w.s.FrameworkServlet       : Initializing Servlet 'dispatcherServlet'
2023-11-26 09:56:58.950 - INFO  [nio-9091-exec-2] o.s.w.s.FrameworkServlet       : Completed initialization in 1 ms
2023-11-26 10:05:26.777 - INFO  [ionShutdownHook] stractEntityManagerFactoryBean : Closing JPA EntityManagerFactory for persistence unit 'default'
2023-11-26 10:05:26.779 - INFO  [ionShutdownHook] c.z.h.HikariDataSource         : HikariPool-1 - Shutdown initiated...
2023-11-26 10:05:26.787 - INFO  [ionShutdownHook] c.z.h.HikariDataSource         : HikariPool-1 - Shutdown completed.
